2024-08-17 16:00:06.606 | WARNING  | tetris.models.models:download:34 - Download skipping no_more_human_rights_for_you
2024-08-17 16:00:06.607 | WARNING  | tetris.models.models:download:34 - Download skipping disney_is_evil
2024-08-17 16:00:06.608 | WARNING  | tetris.models.models:download:34 - Download skipping usa_and_germany_basking_in_it
2024-08-17 16:00:06.608 | WARNING  | tetris.models.models:download:34 - Download skipping interesting
2024-08-17 16:00:06.608 | WARNING  | tetris.models.models:download:34 - Download skipping seent_it
2024-08-17 16:00:06.609 | WARNING  | tetris.models.models:download:34 - Download skipping i_have_a_problem
2024-08-17 16:00:06.609 | WARNING  | tetris.models.models:download:34 - Download skipping you_should_have_googled_it_you_filthy_beginner_simpleton
2024-08-17 16:00:06.609 | WARNING  | tetris.models.models:download:34 - Download skipping weird_coincidence
2024-08-17 16:00:06.609 | WARNING  | tetris.models.models:download:34 - Download skipping no_it_can't_be
2024-08-17 16:00:06.610 | WARNING  | tetris.models.models:download:34 - Download skipping smash_and_dash
2024-08-17 16:14:03.706 | INFO     | tetris.__main__:<module>:20 - TETRIS_PATH: /Users/muqsit/src/github.com/muqsitnawaz/tetris
2024-08-17 16:14:03.706 | INFO     | tetris.__main__:<module>:21 - TETRIS_REDDIT_CLIENT_ID: ecN5-ySiV67RXfJNyZaoDw
2024-08-17 16:14:03.707 | INFO     | tetris.__main__:<module>:22 - TETRIS_REDDIT_CLIENT_SECRET: iSgp_AoF2fAAW29hNI7aeBYUJ4AcWg
2024-08-17 16:17:47.689 | INFO     | __main__:<module>:20 - TETRIS_PATH: /Users/muqsit/src/github.com/muqsitnawaz/tetris
2024-08-17 16:17:47.690 | INFO     | __main__:<module>:21 - TETRIS_REDDIT_CLIENT_ID: ecN5-ySiV67RXfJNyZaoDw
2024-08-17 16:17:47.690 | INFO     | __main__:<module>:22 - TETRIS_REDDIT_CLIENT_SECRET: iSgp_AoF2fAAW29hNI7aeBYUJ4AcWg
2024-08-17 16:17:48.288 | WARNING  | tetris.models.models:download:34 - Download skipping no_more_human_rights_for_you
2024-08-17 16:17:48.293 | WARNING  | tetris.models.models:download:34 - Download skipping disney_is_evil
2024-08-17 16:17:48.293 | WARNING  | tetris.models.models:download:34 - Download skipping usa_and_germany_basking_in_it
2024-08-17 16:17:48.294 | WARNING  | tetris.models.models:download:34 - Download skipping weird_coincidence
2024-08-17 16:17:48.298 | WARNING  | tetris.models.models:download:34 - Download skipping seent_it
2024-08-17 16:17:48.299 | WARNING  | tetris.models.models:download:34 - Download skipping i_have_a_problem
2024-08-17 16:17:48.299 | WARNING  | tetris.models.models:download:34 - Download skipping you_should_have_googled_it_you_filthy_beginner_simpleton
2024-08-17 16:17:48.299 | WARNING  | tetris.models.models:download:34 - Download skipping no_it_can't_be
2024-08-17 16:17:48.299 | WARNING  | tetris.models.models:download:34 - Download skipping smash_and_dash
2024-08-17 16:17:48.299 | WARNING  | tetris.models.models:download:34 - Download skipping the_naked_truth
2024-08-17 16:17:48.748 | WARNING  | tetris.models.models:download:34 - Download skipping no_more_human_rights_for_you
2024-08-17 16:17:48.748 | WARNING  | tetris.models.models:download:34 - Download skipping disney_is_evil
2024-08-17 16:17:48.749 | WARNING  | tetris.models.models:download:34 - Download skipping usa_and_germany_basking_in_it
2024-08-17 16:17:48.749 | WARNING  | tetris.models.models:download:34 - Download skipping weird_coincidence
2024-08-17 16:17:48.749 | WARNING  | tetris.models.models:download:34 - Download skipping seent_it
2024-08-17 16:17:48.750 | WARNING  | tetris.models.models:download:34 - Download skipping i_have_a_problem
2024-08-17 16:17:48.750 | WARNING  | tetris.models.models:download:34 - Download skipping you_should_have_googled_it_you_filthy_beginner_simpleton
2024-08-17 16:17:48.754 | WARNING  | tetris.models.models:download:34 - Download skipping no_it_can't_be
2024-08-17 16:17:48.754 | WARNING  | tetris.models.models:download:34 - Download skipping smash_and_dash
2024-08-17 16:17:48.755 | WARNING  | tetris.models.models:download:34 - Download skipping the_naked_truth
